Build started 9/29/2014 12:24:52 AM.
     1>Project "C:\Classes\Games\Asteroids\Chap5SingleTexture\Planet.vcxproj" on node 2 (Build target(s)).
     1>InitializeBuildStatus:
         Touching "Debug\Planet.unsuccessfulbuild".
       ClCompile:
         C:\Program Files (x86)\Microsoft Visual Studio 11.0\VC\bin\CL.exe /c /I"C:\Program Files (x86)\Microsoft DirectX SDK (June 2010)\\Include" /ZI /nologo /W3 /WX- /Od /Oy- /D _MBCS /Gm /EHsc /RTC1 /MDd /GS /fp:precise /Zc:wchar_t /Zc:forScope /Fo"Debug\\" /Fd"Debug\vc110.pdb" /Gd /TP /analyze- /errorReport:prompt game.cpp graphics.cpp image.cpp input.cpp spacewar.cpp textureManager.cpp winmain.cpp
         winmain.cpp
         textureManager.cpp
         spacewar.cpp
     1>c:\classes\games\asteroids\chap5singletexture\spacewar.cpp(37): warning C4244: 'argument' : conversion from 'double' to 'float', possible loss of data
     1>c:\classes\games\asteroids\chap5singletexture\spacewar.cpp(38): warning C4244: 'argument' : conversion from 'double' to 'float', possible loss of data
     1>c:\classes\games\asteroids\chap5singletexture\spacewar.cpp(39): warning C4305: 'argument' : truncation from 'double' to 'float'
         input.cpp
         image.cpp
         graphics.cpp
         game.cpp
         Generating Code...
       Link:
         C:\Program Files (x86)\Microsoft Visual Studio 11.0\VC\bin\link.exe /ERRORREPORT:PROMPT /OUT:"C:\Classes\Games\Asteroids\Chap5SingleTexture\Debug\Planet.exe" /NOLOGO /LIBPATH:"C:\Program Files (x86)\Microsoft DirectX SDK (June 2010)\\Lib\x86" d3d9.lib d3dx9.lib winmm.lib xinput.lib xinput.lib kernel32.lib user32.lib gdi32.lib winspool.lib comdlg32.lib advapi32.lib shell32.lib ole32.lib oleaut32.lib uuid.lib odbc32.lib odbccp32.lib /MANIFEST /MANIFESTUAC:"level='asInvoker' uiAccess='false'" /manifest:embed /DEBUG /PDB:"C:\Classes\Games\Asteroids\Chap5SingleTexture\Debug\Planet.pdb" /TLBID:1 /DYNAMICBASE /NXCOMPAT /IMPLIB:"C:\Classes\Games\Asteroids\Chap5SingleTexture\Debug\Planet.lib" /MACHINE:X86 /SAFESEH Debug\game.obj
         Debug\graphics.obj
         Debug\image.obj
         Debug\input.obj
         Debug\spacewar.obj
         Debug\textureManager.obj
         Debug\winmain.obj
     1>game.obj : warning LNK4075: ignoring '/EDITANDCONTINUE' due to '/SAFESEH' specification
         Planet.vcxproj -> C:\Classes\Games\Asteroids\Chap5SingleTexture\Debug\Planet.exe
       FinalizeBuildStatus:
         Deleting file "Debug\Planet.unsuccessfulbuild".
         Touching "Debug\Planet.lastbuildstate".
     1>Done Building Project "C:\Classes\Games\Asteroids\Chap5SingleTexture\Planet.vcxproj" (Build target(s)).

Build succeeded.

Time Elapsed 00:00:07.48
