C:\CLASSES\GAMES\ASTEROIDS\CHAP5SINGLETEXTURE\DEBUG\GAME.OBJ
C:\CLASSES\GAMES\ASTEROIDS\CHAP5SINGLETEXTURE\DEBUG\GRAPHICS.OBJ
C:\CLASSES\GAMES\ASTEROIDS\CHAP5SINGLETEXTURE\DEBUG\IMAGE.OBJ
C:\CLASSES\GAMES\ASTEROIDS\CHAP5SINGLETEXTURE\DEBUG\INPUT.OBJ
C:\CLASSES\GAMES\ASTEROIDS\CHAP5SINGLETEXTURE\DEBUG\SPACEWAR.OBJ
C:\CLASSES\GAMES\ASTEROIDS\CHAP5SINGLETEXTURE\DEBUG\TEXTUREMANAGER.OBJ
C:\CLASSES\GAMES\ASTEROIDS\CHAP5SINGLETEXTURE\DEBUG\WINMAIN.OBJ
C:\CLASSES\GAMES\ASTEROIDS\CHAP5SINGLETEXTURE\DEBUG\VC110.PDB
C:\CLASSES\GAMES\ASTEROIDS\CHAP5SINGLETEXTURE\DEBUG\PLANET.ILK
C:\CLASSES\GAMES\ASTEROIDS\CHAP5SINGLETEXTURE\DEBUG\PLANET.EXE
C:\CLASSES\GAMES\ASTEROIDS\CHAP5SINGLETEXTURE\DEBUG\PLANET.PDB
C:\Classes\Games\Asteroids\Chap5SingleTexture\Debug\game.obj
C:\Classes\Games\Asteroids\Chap5SingleTexture\Debug\graphics.obj
C:\Classes\Games\Asteroids\Chap5SingleTexture\Debug\image.obj
C:\Classes\Games\Asteroids\Chap5SingleTexture\Debug\input.obj
C:\Classes\Games\Asteroids\Chap5SingleTexture\Debug\spacewar.obj
C:\Classes\Games\Asteroids\Chap5SingleTexture\Debug\textureManager.obj
C:\Classes\Games\Asteroids\Chap5SingleTexture\Debug\winmain.obj
C:\Classes\Games\Asteroids\Chap5SingleTexture\Debug\Planet.ilk
C:\Classes\Games\Asteroids\Chap5SingleTexture\Debug\cl.command.1.tlog
C:\Classes\Games\Asteroids\Chap5SingleTexture\Debug\CL.read.1.tlog
C:\Classes\Games\Asteroids\Chap5SingleTexture\Debug\CL.write.1.tlog
C:\Classes\Games\Asteroids\Chap5SingleTexture\Debug\link-cvtres.read.1.tlog
C:\Classes\Games\Asteroids\Chap5SingleTexture\Debug\link-cvtres.write.1.tlog
C:\Classes\Games\Asteroids\Chap5SingleTexture\Debug\link-rc.read.1.tlog
C:\Classes\Games\Asteroids\Chap5SingleTexture\Debug\link-rc.write.1.tlog
C:\Classes\Games\Asteroids\Chap5SingleTexture\Debug\link.command.1.tlog
C:\Classes\Games\Asteroids\Chap5SingleTexture\Debug\link.read.1.tlog
C:\Classes\Games\Asteroids\Chap5SingleTexture\Debug\link.write.1.tlog
C:\Classes\Games\Asteroids\Chap5SingleTexture\Debug\vc110.idb
C:\Classes\Games\Asteroids\Chap5SingleTexture\Debug\Planet.pdb
C:\Classes\Games\Asteroids\Chap5SingleTexture\Debug\vc110.pdb
C:\Classes\Games\Asteroids\Chap5SingleTexture\Debug\Planet.exe
