Build started 10/7/2014 1:25:29 PM.
     1>Project "C:\Classes\Games\Asteroids\Asteroids\SoundExample1.vcxproj" on node 2 (Build target(s)).
     1>InitializeBuildStatus:
         Creating "Debug\SoundExample1.unsuccessfulbuild" because "AlwaysCreate" was specified.
       ClCompile:
         C:\Program Files (x86)\Microsoft Visual Studio 11.0\VC\bin\CL.exe /c /I"C:\Program Files (x86)\Microsoft DirectX SDK (June 2010)\\Include" /ZI /nologo /W3 /WX- /Od /Oy- /D _MBCS /Gm /EHsc /RTC1 /MDd /GS /fp:precise /Zc:wchar_t /Zc:forScope /Fo"Debug\\" /Fd"Debug\vc110.pdb" /Gd /TP /analyze- /errorReport:prompt ship.cpp spacewar.cpp winmain.cpp
         ship.cpp
         Generating Code...
         Compiling...
         winmain.cpp
         spacewar.cpp
         Generating Code...
       Link:
         C:\Program Files (x86)\Microsoft Visual Studio 11.0\VC\bin\link.exe /ERRORREPORT:PROMPT /OUT:"C:\Classes\Games\Asteroids\Asteroids\Debug\SoundExample1.exe" /NOLOGO /LIBPATH:"C:\Program Files (x86)\Microsoft DirectX SDK (June 2010)\\Lib\x86" d3d9.lib d3dx9.lib winmm.lib xinput.lib kernel32.lib user32.lib gdi32.lib winspool.lib comdlg32.lib advapi32.lib shell32.lib ole32.lib oleaut32.lib uuid.lib odbc32.lib odbccp32.lib /MANIFEST /MANIFESTUAC:"level='asInvoker' uiAccess='false'" /manifest:embed /DEBUG /PDB:"C:\Classes\Games\Asteroids\Asteroids\Debug\SoundExample1.pdb" /TLBID:1 /DYNAMICBASE /NXCOMPAT /IMPLIB:"C:\Classes\Games\Asteroids\Asteroids\Debug\SoundExample1.lib" /MACHINE:X86 /SAFESEH Debug\audio.obj
         Debug\bullet.obj
         Debug\entity.obj
         Debug\game.obj
         Debug\graphics.obj
         Debug\image.obj
         Debug\input.obj
         Debug\planet.obj
         Debug\ship.obj
         Debug\spacewar.obj
         Debug\textureManager.obj
         Debug\winmain.obj
         SoundExample1.vcxproj -> C:\Classes\Games\Asteroids\Asteroids\Debug\SoundExample1.exe
       FinalizeBuildStatus:
         Deleting file "Debug\SoundExample1.unsuccessfulbuild".
         Touching "Debug\SoundExample1.lastbuildstate".
     1>Done Building Project "C:\Classes\Games\Asteroids\Asteroids\SoundExample1.vcxproj" (Build target(s)).

Build succeeded.

Time Elapsed 00:00:03.69
